<?xml version="1.0" encoding="UTF-8"?>
<testng-results skipped="0" failed="0" ignored="0" total="1" passed="1">
  <reporter-output>
  </reporter-output>
  <suite name="Suite" duration-ms="12708" started-at="2019-11-25T02:53:55Z" finished-at="2019-11-25T02:54:08Z">
    <groups>
    </groups>
    <test name="Test" duration-ms="12708" started-at="2019-11-25T02:53:55Z" finished-at="2019-11-25T02:54:08Z">
      <class name="google_search.TC001">
        <test-method status="PASS" signature="openBrowser()[pri:0, instance:google_search.TC001@1b266842]" name="openBrowser" is-config="true" duration-ms="3631" started-at="2019-11-24T21:53:55Z" finished-at="2019-11-24T21:53:59Z">
          <reporter-output>
          </reporter-output>
        </test-method> <!-- openBrowser -->
        <test-method status="PASS" signature="Tesst_1()[pri:0, instance:google_search.TC001@1b266842]" name="Tesst_1" duration-ms="9024" started-at="2019-11-24T21:53:59Z" finished-at="2019-11-24T21:54:08Z">
          <reporter-output>
          </reporter-output>
        </test-method> <!-- Tesst_1 -->
        <test-method status="PASS" signature="closingBrowser()[pri:0, instance:google_search.TC001@1b266842]" name="closingBrowser" is-config="true" duration-ms="32" started-at="2019-11-24T21:54:08Z" finished-at="2019-11-24T21:54:08Z">
          <reporter-output>
          </reporter-output>
        </test-method> <!-- closingBrowser -->
      </class> <!-- google_search.TC001 -->
    </test> <!-- Test -->
  </suite> <!-- Suite -->
</testng-results>
